

Started GET "/" for 127.0.0.1 at 2016-03-05 14:45:19 +0200

ActiveRecord::PendingMigrationError (

Migrations are pending. To resolve this issue, run:

	bin/rake db:migrate RAILS_ENV=development

):
  activerecord (4.2.5.1) lib/active_record/migration.rb:392:in `check_pending!'
  activerecord (4.2.5.1) lib/active_record/migration.rb:373:in `call'
  actionpack (4.2.5.1) lib/action_dispatch/middleware/callbacks.rb:29:in `block in call'
  activesupport (4.2.5.1) lib/active_support/callbacks.rb:88:in `__run_callbacks__'
  activesupport (4.2.5.1) lib/active_support/callbacks.rb:778:in `_run_call_callbacks'
  activesupport (4.2.5.1) lib/active_support/callbacks.rb:81:in `run_callbacks'
  actionpack (4.2.5.1) lib/action_dispatch/middleware/callbacks.rb:27:in `call'
  actionpack (4.2.5.1) lib/action_dispatch/middleware/reloader.rb:73:in `call'
  actionpack (4.2.5.1) lib/action_dispatch/middleware/remote_ip.rb:78:in `call'
  actionpack (4.2.5.1) lib/action_dispatch/middleware/debug_exceptions.rb:17:in `call'
  web-console (2.3.0) lib/web_console/middleware.rb:28:in `block in call'
  web-console (2.3.0) lib/web_console/middleware.rb:18:in `catch'
  web-console (2.3.0) lib/web_console/middleware.rb:18:in `call'
  actionpack (4.2.5.1) lib/action_dispatch/middleware/show_exceptions.rb:30:in `call'
  railties (4.2.5.1) lib/rails/rack/logger.rb:38:in `call_app'
  railties (4.2.5.1) lib/rails/rack/logger.rb:20:in `block in call'
  activesupport (4.2.5.1) lib/active_support/tagged_logging.rb:68:in `block in tagged'
  activesupport (4.2.5.1) lib/active_support/tagged_logging.rb:26:in `tagged'
  activesupport (4.2.5.1) lib/active_support/tagged_logging.rb:68:in `tagged'
  railties (4.2.5.1) lib/rails/rack/logger.rb:20:in `call'
  actionpack (4.2.5.1) lib/action_dispatch/middleware/request_id.rb:21:in `call'
  rack (1.6.4) lib/rack/methodoverride.rb:22:in `call'
  rack (1.6.4) lib/rack/runtime.rb:18:in `call'
  activesupport (4.2.5.1) lib/active_support/cache/strategy/local_cache_middleware.rb:28:in `call'
  rack (1.6.4) lib/rack/lock.rb:17:in `call'
  actionpack (4.2.5.1) lib/action_dispatch/middleware/static.rb:116:in `call'
  rack (1.6.4) lib/rack/sendfile.rb:113:in `call'
  railties (4.2.5.1) lib/rails/engine.rb:518:in `call'
  railties (4.2.5.1) lib/rails/application.rb:165:in `call'
  rack (1.6.4) lib/rack/lock.rb:17:in `call'
  rack (1.6.4) lib/rack/content_length.rb:15:in `call'
  rack (1.6.4) lib/rack/handler/webrick.rb:88:in `service'
  /home/dima/.rvm/rubies/ruby-2.2.1/lib/ruby/2.2.0/webrick/httpserver.rb:138:in `service'
  /home/dima/.rvm/rubies/ruby-2.2.1/lib/ruby/2.2.0/webrick/httpserver.rb:94:in `run'
  /home/dima/.rvm/rubies/ruby-2.2.1/lib/ruby/2.2.0/webrick/server.rb:294:in `block in start_thread'


  Rendered /home/dima/.rvm/gems/ruby-2.2.1/gems/actionpack-4.2.5.1/lib/action_dispatch/middleware/templates/rescues/_source.erb (3.5ms)
  Rendered /home/dima/.rvm/gems/ruby-2.2.1/gems/actionpack-4.2.5.1/lib/action_dispatch/middleware/templates/rescues/_trace.html.erb (13.4ms)
  Rendered /home/dima/.rvm/gems/ruby-2.2.1/gems/actionpack-4.2.5.1/lib/action_dispatch/middleware/templates/rescues/_request_and_response.html.erb (1.1ms)
  Rendered /home/dima/.rvm/gems/ruby-2.2.1/gems/actionpack-4.2.5.1/lib/action_dispatch/middleware/templates/rescues/diagnostics.html.erb within rescues/layout (36.6ms)
  Rendered /home/dima/.rvm/gems/ruby-2.2.1/gems/web-console-2.3.0/lib/web_console/templates/_markup.html.erb (0.9ms)
  Rendered /home/dima/.rvm/gems/ruby-2.2.1/gems/web-console-2.3.0/lib/web_console/templates/_inner_console_markup.html.erb within layouts/inlined_string (0.5ms)
  Rendered /home/dima/.rvm/gems/ruby-2.2.1/gems/web-console-2.3.0/lib/web_console/templates/_prompt_box_markup.html.erb within layouts/inlined_string (0.5ms)
  Rendered /home/dima/.rvm/gems/ruby-2.2.1/gems/web-console-2.3.0/lib/web_console/templates/style.css.erb within layouts/inlined_string (0.8ms)
  Rendered /home/dima/.rvm/gems/ruby-2.2.1/gems/web-console-2.3.0/lib/web_console/templates/console.js.erb within layouts/javascript (31.4ms)
  Rendered /home/dima/.rvm/gems/ruby-2.2.1/gems/web-console-2.3.0/lib/web_console/templates/main.js.erb within layouts/javascript (0.4ms)
  Rendered /home/dima/.rvm/gems/ruby-2.2.1/gems/web-console-2.3.0/lib/web_console/templates/error_page.js.erb within layouts/javascript (0.5ms)
  Rendered /home/dima/.rvm/gems/ruby-2.2.1/gems/web-console-2.3.0/lib/web_console/templates/index.html.erb (59.4ms)
  [1m[36m (85.9ms)[0m  [1mCREATE TABLE "schema_migrations" ("version" varchar NOT NULL) [0m
  [1m[35m (0.1ms)[0m  select sqlite_version(*)
  [1m[36m (83.1ms)[0m  [1mCREATE UNIQUE INDEX "unique_schema_migrations" ON "schema_migrations" ("version")[0m
  [1m[35mActiveRecord::SchemaMigration Load (0.1ms)[0m  SELECT "schema_migrations".* FROM "schema_migrations"
Migrating to CreateTodoLists (20160229183930)
  [1m[36m (0.1ms)[0m  [1mbegin transaction[0m
  [1m[35m (0.4ms)[0m  CREATE TABLE "todo_lists" ("id" INTEGER PRIMARY KEY AUTOINCREMENT NOT NULL, "title" varchar, "description" text, "created_at" datetime NOT NULL, "updated_at" datetime NOT NULL) 
  [1m[36mSQL (0.2ms)[0m  [1mINSERT INTO "schema_migrations" ("version") VALUES (?)[0m  [["version", "20160229183930"]]
  [1m[35m (93.9ms)[0m  commit transaction
Migrating to CreateTodoItems (20160229185359)
  [1m[36m (0.1ms)[0m  [1mbegin transaction[0m
  [1m[35m (0.4ms)[0m  CREATE TABLE "todo_items" ("id" INTEGER PRIMARY KEY AUTOINCREMENT NOT NULL, "content" varchar, "todo_list_id" integer, "created_at" datetime NOT NULL, "updated_at" datetime NOT NULL) 
  [1m[36m (0.2ms)[0m  [1mCREATE  INDEX "index_todo_items_on_todo_list_id" ON "todo_items" ("todo_list_id")[0m
  [1m[35mSQL (0.2ms)[0m  INSERT INTO "schema_migrations" ("version") VALUES (?)  [["version", "20160229185359"]]
  [1m[36m (97.0ms)[0m  [1mcommit transaction[0m
Migrating to AddCompletedAtToTodoItems (20160229195539)
  [1m[35m (0.1ms)[0m  begin transaction
  [1m[36m (0.3ms)[0m  [1mALTER TABLE "todo_items" ADD "completed_at" datetime[0m
  [1m[35mSQL (0.1ms)[0m  INSERT INTO "schema_migrations" ("version") VALUES (?)  [["version", "20160229195539"]]
  [1m[36m (98.6ms)[0m  [1mcommit transaction[0m
  [1m[35mActiveRecord::SchemaMigration Load (0.1ms)[0m  SELECT "schema_migrations".* FROM "schema_migrations"
  [1m[36m (0.2ms)[0m  [1m            SELECT sql
            FROM sqlite_master
            WHERE name='index_todo_items_on_todo_list_id' AND type='index'
            UNION ALL
            SELECT sql
            FROM sqlite_temp_master
            WHERE name='index_todo_items_on_todo_list_id' AND type='index'
[0m


Started GET "/" for 127.0.0.1 at 2016-03-05 14:46:34 +0200
  [1m[36mActiveRecord::SchemaMigration Load (0.1ms)[0m  [1mSELECT "schema_migrations".* FROM "schema_migrations"[0m
Processing by TodoListsController#index as HTML
  [1m[35mTodoList Load (0.2ms)[0m  SELECT "todo_lists".* FROM "todo_lists"
  Rendered todo_lists/index.html.erb within layouts/application (3.5ms)
Completed 200 OK in 1320ms (Views: 1304.0ms | ActiveRecord: 0.3ms)


Started GET "/assets/scaffolds.self-43610455c93dbb4dbc510e648ec07b239d08ece8edb92bf5d155cb1f42d8ffa7.css?body=1" for 127.0.0.1 at 2016-03-05 14:46:36 +0200


Started GET "/todo_lists/new" for 127.0.0.1 at 2016-03-05 14:46:44 +0200
Processing by TodoListsController#new as HTML
  Rendered todo_lists/_form.html.erb (20.4ms)
  Rendered todo_lists/new.html.erb within layouts/application (24.6ms)
Completed 200 OK in 59ms (Views: 43.8ms | ActiveRecord: 0.7ms)


Started POST "/todo_lists" for 127.0.0.1 at 2016-03-05 14:46:50 +0200
Processing by TodoListsController#create as HTML
  Parameters: {"utf8"=>"✓", "authenticity_token"=>"CcCkZDk5BpS+mSSmfrrCyus7NydBi92yIAdZxqKotthmDvFdGbcjv0uDsJabao/hvTUImPAUAvD6cZY4VJN0zQ==", "todo_list"=>{"title"=>"sfasfas", "description"=>"safasfas"}, "commit"=>"Create Todo list"}
  [1m[36m (0.1ms)[0m  [1mbegin transaction[0m
  [1m[35mSQL (0.4ms)[0m  INSERT INTO "todo_lists" ("title", "description", "created_at", "updated_at") VALUES (?, ?, ?, ?)  [["title", "sfasfas"], ["description", "safasfas"], ["created_at", "2016-03-05 12:46:50.034497"], ["updated_at", "2016-03-05 12:46:50.034497"]]
  [1m[36m (140.7ms)[0m  [1mcommit transaction[0m
Redirected to http://localhost:3000/todo_lists/1
Completed 302 Found in 151ms (ActiveRecord: 141.2ms)


Started GET "/todo_lists/1" for 127.0.0.1 at 2016-03-05 14:46:50 +0200
Processing by TodoListsController#show as HTML
  Parameters: {"id"=>"1"}
  [1m[35mTodoList Load (0.3ms)[0m  SELECT  "todo_lists".* FROM "todo_lists" WHERE "todo_lists"."id" = ? LIMIT 1  [["id", 1]]
  [1m[36mTodoItem Load (0.2ms)[0m  [1mSELECT "todo_items".* FROM "todo_items" WHERE "todo_items"."todo_list_id" = ?[0m  [["todo_list_id", 1]]
  Rendered collection (0.0ms)
  Rendered todo_items/_form.html.erb (16.7ms)
  Rendered todo_lists/show.html.erb within layouts/application (36.2ms)
Completed 200 OK in 88ms (Views: 80.5ms | ActiveRecord: 1.2ms)


Started POST "/todo_lists/1/todo_items" for 127.0.0.1 at 2016-03-05 14:46:56 +0200
Processing by TodoItemsController#create as HTML
  Parameters: {"utf8"=>"✓", "authenticity_token"=>"D9p4MibTIpu3b0mMY6+GZrGzPOVQBxl8753oX8N77bhgFC0LBl0HsEJ13byGf8tN570DWuGYxj416yehNUAvrQ==", "todo_item"=>{"content"=>"sfsafasfasf"}, "commit"=>"Add Task", "todo_list_id"=>"1"}
  [1m[35mTodoList Load (0.1ms)[0m  SELECT  "todo_lists".* FROM "todo_lists" WHERE "todo_lists"."id" = ? LIMIT 1  [["id", 1]]
  [1m[36m (0.1ms)[0m  [1mbegin transaction[0m
  [1m[35mSQL (0.3ms)[0m  INSERT INTO "todo_items" ("content", "todo_list_id", "created_at", "updated_at") VALUES (?, ?, ?, ?)  [["content", "sfsafasfasf"], ["todo_list_id", 1], ["created_at", "2016-03-05 12:46:56.192268"], ["updated_at", "2016-03-05 12:46:56.192268"]]
  [1m[36m (150.3ms)[0m  [1mcommit transaction[0m
Redirected to http://localhost:3000/todo_lists/1
Completed 302 Found in 158ms (ActiveRecord: 150.9ms)


Started GET "/todo_lists/1" for 127.0.0.1 at 2016-03-05 14:46:56 +0200
Processing by TodoListsController#show as HTML
  Parameters: {"id"=>"1"}
  [1m[35mTodoList Load (0.4ms)[0m  SELECT  "todo_lists".* FROM "todo_lists" WHERE "todo_lists"."id" = ? LIMIT 1  [["id", 1]]
  [1m[36mTodoItem Load (0.1ms)[0m  [1mSELECT "todo_items".* FROM "todo_items" WHERE "todo_items"."todo_list_id" = ?[0m  [["todo_list_id", 1]]
  Rendered todo_items/_todo_item.html.erb (1.8ms)
  Rendered todo_items/_form.html.erb (1.6ms)
  Rendered todo_lists/show.html.erb within layouts/application (7.2ms)
Completed 200 OK in 28ms (Views: 25.9ms | ActiveRecord: 0.5ms)


Started POST "/todo_lists/1/todo_items" for 127.0.0.1 at 2016-03-05 14:47:01 +0200
Processing by TodoItemsController#create as HTML
  Parameters: {"utf8"=>"✓", "authenticity_token"=>"GZFdPD0DsYTG8x1y6FYtcUtzuJ6sg+uhKfPyrOPR77V2XwgFHY2UrzPpiUINhmBaHX2HIR0cNOPzhT1SFeotoA==", "todo_item"=>{"content"=>"safasfsafa"}, "commit"=>"Add Task", "todo_list_id"=>"1"}
  [1m[35mTodoList Load (0.2ms)[0m  SELECT  "todo_lists".* FROM "todo_lists" WHERE "todo_lists"."id" = ? LIMIT 1  [["id", 1]]
  [1m[36m (0.1ms)[0m  [1mbegin transaction[0m
  [1m[35mSQL (0.3ms)[0m  INSERT INTO "todo_items" ("content", "todo_list_id", "created_at", "updated_at") VALUES (?, ?, ?, ?)  [["content", "safasfsafa"], ["todo_list_id", 1], ["created_at", "2016-03-05 12:47:01.560714"], ["updated_at", "2016-03-05 12:47:01.560714"]]
  [1m[36m (171.6ms)[0m  [1mcommit transaction[0m
Redirected to http://localhost:3000/todo_lists/1
Completed 302 Found in 178ms (ActiveRecord: 172.1ms)


Started GET "/todo_lists/1" for 127.0.0.1 at 2016-03-05 14:47:01 +0200
Processing by TodoListsController#show as HTML
  Parameters: {"id"=>"1"}
  [1m[35mTodoList Load (0.1ms)[0m  SELECT  "todo_lists".* FROM "todo_lists" WHERE "todo_lists"."id" = ? LIMIT 1  [["id", 1]]
  [1m[36mTodoItem Load (0.2ms)[0m  [1mSELECT "todo_items".* FROM "todo_items" WHERE "todo_items"."todo_list_id" = ?[0m  [["todo_list_id", 1]]
  Rendered todo_items/_todo_item.html.erb (1.2ms)
  Rendered todo_items/_form.html.erb (2.0ms)
  Rendered todo_lists/show.html.erb within layouts/application (7.6ms)
Completed 200 OK in 28ms (Views: 26.8ms | ActiveRecord: 0.3ms)


Started DELETE "/todo_lists/1/todo_items/1" for 127.0.0.1 at 2016-03-05 14:47:05 +0200
Processing by TodoItemsController#destroy as HTML
  Parameters: {"authenticity_token"=>"3qvc54QVHedW9nvZehxKrXcCeCnzRzZvY/mR4e4dT4mxZYnepJs4zKPs7+mfzAeGIQxHlkLY6S25j14fGCaNnA==", "todo_list_id"=>"1", "id"=>"1"}
  [1m[35mTodoList Load (0.1ms)[0m  SELECT  "todo_lists".* FROM "todo_lists" WHERE "todo_lists"."id" = ? LIMIT 1  [["id", 1]]
  [1m[36mTodoItem Load (0.2ms)[0m  [1mSELECT  "todo_items".* FROM "todo_items" WHERE "todo_items"."todo_list_id" = ? AND "todo_items"."id" = ? LIMIT 1[0m  [["todo_list_id", 1], ["id", 1]]
  [1m[35m (0.1ms)[0m  begin transaction
  [1m[36mSQL (0.2ms)[0m  [1mDELETE FROM "todo_items" WHERE "todo_items"."id" = ?[0m  [["id", 1]]
  [1m[35m (152.8ms)[0m  commit transaction
Redirected to http://localhost:3000/todo_lists/1
Completed 302 Found in 157ms (ActiveRecord: 153.4ms)


Started GET "/todo_lists/1" for 127.0.0.1 at 2016-03-05 14:47:05 +0200
Processing by TodoListsController#show as HTML
  Parameters: {"id"=>"1"}
  [1m[36mTodoList Load (0.1ms)[0m  [1mSELECT  "todo_lists".* FROM "todo_lists" WHERE "todo_lists"."id" = ? LIMIT 1[0m  [["id", 1]]
  [1m[35mTodoItem Load (0.1ms)[0m  SELECT "todo_items".* FROM "todo_items" WHERE "todo_items"."todo_list_id" = ?  [["todo_list_id", 1]]
  Rendered todo_items/_todo_item.html.erb (0.4ms)
  Rendered todo_items/_form.html.erb (1.1ms)
  Rendered todo_lists/show.html.erb within layouts/application (4.5ms)
Completed 200 OK in 47ms (Views: 46.1ms | ActiveRecord: 0.3ms)


Started POST "/todo_lists/1/todo_items" for 127.0.0.1 at 2016-03-05 14:47:12 +0200
Processing by TodoItemsController#create as HTML
  Parameters: {"utf8"=>"✓", "authenticity_token"=>"uaPW3ojgwoPUXsBG1zr1OC+mWfYRMF3CdiBJXo4TOD/WbYPnqG7nqCFEVHYy6rgTeahmSaCvgoCsVoageCj6Kg==", "todo_item"=>{"content"=>"dsgdgdsgds"}, "commit"=>"Add Task", "todo_list_id"=>"1"}
  [1m[36mTodoList Load (0.1ms)[0m  [1mSELECT  "todo_lists".* FROM "todo_lists" WHERE "todo_lists"."id" = ? LIMIT 1[0m  [["id", 1]]
  [1m[35m (0.1ms)[0m  begin transaction
  [1m[36mSQL (0.2ms)[0m  [1mINSERT INTO "todo_items" ("content", "todo_list_id", "created_at", "updated_at") VALUES (?, ?, ?, ?)[0m  [["content", "dsgdgdsgds"], ["todo_list_id", 1], ["created_at", "2016-03-05 12:47:12.175186"], ["updated_at", "2016-03-05 12:47:12.175186"]]
  [1m[35m (173.5ms)[0m  commit transaction
Redirected to http://localhost:3000/todo_lists/1
Completed 302 Found in 179ms (ActiveRecord: 173.9ms)


Started GET "/todo_lists/1" for 127.0.0.1 at 2016-03-05 14:47:12 +0200
Processing by TodoListsController#show as HTML
  Parameters: {"id"=>"1"}
  [1m[36mTodoList Load (0.1ms)[0m  [1mSELECT  "todo_lists".* FROM "todo_lists" WHERE "todo_lists"."id" = ? LIMIT 1[0m  [["id", 1]]
  [1m[35mTodoItem Load (0.2ms)[0m  SELECT "todo_items".* FROM "todo_items" WHERE "todo_items"."todo_list_id" = ?  [["todo_list_id", 1]]
  Rendered todo_items/_todo_item.html.erb (1.1ms)
  Rendered todo_items/_form.html.erb (1.0ms)
  Rendered todo_lists/show.html.erb within layouts/application (6.5ms)
Completed 200 OK in 27ms (Views: 26.2ms | ActiveRecord: 0.3ms)


Started PATCH "/todo_lists/1/todo_items/3/complete" for 127.0.0.1 at 2016-03-05 14:47:13 +0200
Processing by TodoItemsController#complete as HTML
  Parameters: {"authenticity_token"=>"vZenElKGPe2UaiwriwECJwGoRZoXEOe04C+60qvPtXPSWfIrcggYxmFwuBtu0U8MV6Z6JaaPOPY6WXUsXfR3Zg==", "todo_list_id"=>"1", "id"=>"3"}
  [1m[36mTodoList Load (0.1ms)[0m  [1mSELECT  "todo_lists".* FROM "todo_lists" WHERE "todo_lists"."id" = ? LIMIT 1[0m  [["id", 1]]
  [1m[35mTodoItem Load (0.1ms)[0m  SELECT  "todo_items".* FROM "todo_items" WHERE "todo_items"."todo_list_id" = ? AND "todo_items"."id" = ? LIMIT 1  [["todo_list_id", 1], ["id", 3]]
  [1m[36m (0.1ms)[0m  [1mbegin transaction[0m
  [1m[35mSQL (0.2ms)[0m  UPDATE "todo_items" SET "completed_at" = ?, "updated_at" = ? WHERE "todo_items"."id" = ?  [["completed_at", "2016-03-05 12:47:13.918067"], ["updated_at", "2016-03-05 12:47:13.918737"], ["id", 3]]
  [1m[36m (172.2ms)[0m  [1mcommit transaction[0m
Redirected to http://localhost:3000/todo_lists/1
Completed 302 Found in 178ms (ActiveRecord: 172.7ms)


Started GET "/todo_lists/1" for 127.0.0.1 at 2016-03-05 14:47:14 +0200
Processing by TodoListsController#show as HTML
  Parameters: {"id"=>"1"}
  [1m[35mTodoList Load (0.3ms)[0m  SELECT  "todo_lists".* FROM "todo_lists" WHERE "todo_lists"."id" = ? LIMIT 1  [["id", 1]]
  [1m[36mTodoItem Load (0.3ms)[0m  [1mSELECT "todo_items".* FROM "todo_items" WHERE "todo_items"."todo_list_id" = ?[0m  [["todo_list_id", 1]]
  Rendered todo_items/_todo_item.html.erb (1.3ms)
  Rendered todo_items/_form.html.erb (1.3ms)
  Rendered todo_lists/show.html.erb within layouts/application (7.1ms)
Completed 200 OK in 37ms (Views: 34.1ms | ActiveRecord: 0.5ms)


Started GET "/" for 127.0.0.1 at 2016-03-05 14:52:02 +0200
  [1m[36mActiveRecord::SchemaMigration Load (0.1ms)[0m  [1mSELECT "schema_migrations".* FROM "schema_migrations"[0m
Processing by TodoListsController#index as HTML
  [1m[35mTodoList Load (15.0ms)[0m  SELECT "todo_lists".* FROM "todo_lists"
  Rendered todo_lists/index.html.erb within layouts/application (23.3ms)
Completed 200 OK in 277ms (Views: 247.0ms | ActiveRecord: 15.3ms)


Started GET "/todo_lists/new" for 127.0.0.1 at 2016-03-05 14:52:05 +0200
Processing by TodoListsController#new as HTML
  Rendered todo_lists/_form.html.erb (51.8ms)
  Rendered todo_lists/new.html.erb within layouts/application (58.9ms)
Completed 200 OK in 107ms (Views: 103.9ms | ActiveRecord: 0.0ms)


Started POST "/todo_lists" for 127.0.0.1 at 2016-03-05 14:52:14 +0200
Processing by TodoListsController#create as HTML
  Parameters: {"utf8"=>"✓", "authenticity_token"=>"OpZb4CUF67mSJRqd10Yl2ghNKKoh0FcCANWH4Ks4CvhVWA7ZBYvOkmc/jq0ylmjxXkMXFZBPiEDao0geXQPI7Q==", "todo_list"=>{"title"=>"dsgdsgdsgds", "description"=>"sdgdsgds"}, "commit"=>"Create Todo list"}
  [1m[36m (0.2ms)[0m  [1mbegin transaction[0m
  [1m[35mSQL (0.4ms)[0m  INSERT INTO "todo_lists" ("title", "description", "created_at", "updated_at") VALUES (?, ?, ?, ?)  [["title", "dsgdsgdsgds"], ["description", "sdgdsgds"], ["created_at", "2016-03-05 12:52:14.996664"], ["updated_at", "2016-03-05 12:52:14.996664"]]
  [1m[36m (167.7ms)[0m  [1mcommit transaction[0m
Redirected to http://localhost:3000/todo_lists/2
Completed 302 Found in 178ms (ActiveRecord: 168.3ms)


Started GET "/todo_lists/2" for 127.0.0.1 at 2016-03-05 14:52:15 +0200
Processing by TodoListsController#show as HTML
  Parameters: {"id"=>"2"}
  [1m[35mTodoList Load (0.6ms)[0m  SELECT  "todo_lists".* FROM "todo_lists" WHERE "todo_lists"."id" = ? LIMIT 1  [["id", 2]]
  [1m[36mTodoItem Load (0.2ms)[0m  [1mSELECT "todo_items".* FROM "todo_items" WHERE "todo_items"."todo_list_id" = ?[0m  [["todo_list_id", 2]]
  Rendered collection (0.0ms)
  Rendered todo_items/_form.html.erb (15.8ms)
  Rendered todo_lists/show.html.erb within layouts/application (35.3ms)
Completed 200 OK in 68ms (Views: 59.0ms | ActiveRecord: 1.0ms)


Started POST "/todo_lists/2/todo_items" for 127.0.0.1 at 2016-03-05 14:52:20 +0200
Processing by TodoItemsController#create as HTML
  Parameters: {"utf8"=>"✓", "authenticity_token"=>"ZuAWgYJdzLRUu0NrknQvBgPcear801OO3fk4wVaoDosJLkO4otPpn6Gh11t3pGItVdJGFU1MjMwHj/c/oJPMng==", "todo_item"=>{"content"=>"klkglkerogkpi"}, "commit"=>"Add Task", "todo_list_id"=>"2"}
  [1m[35mTodoList Load (0.2ms)[0m  SELECT  "todo_lists".* FROM "todo_lists" WHERE "todo_lists"."id" = ? LIMIT 1  [["id", 2]]
  [1m[36m (0.1ms)[0m  [1mbegin transaction[0m
  [1m[35mSQL (0.3ms)[0m  INSERT INTO "todo_items" ("content", "todo_list_id", "created_at", "updated_at") VALUES (?, ?, ?, ?)  [["content", "klkglkerogkpi"], ["todo_list_id", 2], ["created_at", "2016-03-05 12:52:20.969289"], ["updated_at", "2016-03-05 12:52:20.969289"]]
  [1m[36m (206.1ms)[0m  [1mcommit transaction[0m
Redirected to http://localhost:3000/todo_lists/2
Completed 302 Found in 216ms (ActiveRecord: 206.8ms)


Started GET "/todo_lists/2" for 127.0.0.1 at 2016-03-05 14:52:21 +0200
Processing by TodoListsController#show as HTML
  Parameters: {"id"=>"2"}
  [1m[35mTodoList Load (0.1ms)[0m  SELECT  "todo_lists".* FROM "todo_lists" WHERE "todo_lists"."id" = ? LIMIT 1  [["id", 2]]
  [1m[36mTodoItem Load (0.1ms)[0m  [1mSELECT "todo_items".* FROM "todo_items" WHERE "todo_items"."todo_list_id" = ?[0m  [["todo_list_id", 2]]
  Rendered todo_items/_todo_item.html.erb (3.4ms)
  Rendered todo_items/_form.html.erb (2.7ms)
  Rendered todo_lists/show.html.erb within layouts/application (9.5ms)
Completed 200 OK in 53ms (Views: 51.2ms | ActiveRecord: 0.2ms)


Started POST "/todo_lists/2/todo_items" for 127.0.0.1 at 2016-03-05 14:52:25 +0200
Processing by TodoItemsController#create as HTML
  Parameters: {"utf8"=>"✓", "authenticity_token"=>"JU4yrhr9zFrQ+hsYhJY+CsQ3wCi/qwLd21lG+qPosRNKgGeXOnPpcSXgjyhhRnMhkjn/lw403Z8BL4kEVdNzBg==", "todo_item"=>{"content"=>"kldfkjhldfjhkldfkl"}, "commit"=>"Add Task", "todo_list_id"=>"2"}
  [1m[35mTodoList Load (0.1ms)[0m  SELECT  "todo_lists".* FROM "todo_lists" WHERE "todo_lists"."id" = ? LIMIT 1  [["id", 2]]
  [1m[36m (0.1ms)[0m  [1mbegin transaction[0m
  [1m[35mSQL (0.4ms)[0m  INSERT INTO "todo_items" ("content", "todo_list_id", "created_at", "updated_at") VALUES (?, ?, ?, ?)  [["content", "kldfkjhldfjhkldfkl"], ["todo_list_id", 2], ["created_at", "2016-03-05 12:52:25.399674"], ["updated_at", "2016-03-05 12:52:25.399674"]]
  [1m[36m (211.5ms)[0m  [1mcommit transaction[0m
Redirected to http://localhost:3000/todo_lists/2
Completed 302 Found in 223ms (ActiveRecord: 212.2ms)


Started GET "/todo_lists/2" for 127.0.0.1 at 2016-03-05 14:52:25 +0200
Processing by TodoListsController#show as HTML
  Parameters: {"id"=>"2"}
  [1m[35mTodoList Load (0.1ms)[0m  SELECT  "todo_lists".* FROM "todo_lists" WHERE "todo_lists"."id" = ? LIMIT 1  [["id", 2]]
  [1m[36mTodoItem Load (0.1ms)[0m  [1mSELECT "todo_items".* FROM "todo_items" WHERE "todo_items"."todo_list_id" = ?[0m  [["todo_list_id", 2]]
  Rendered todo_items/_todo_item.html.erb (1.1ms)
  Rendered todo_items/_form.html.erb (1.4ms)
  Rendered todo_lists/show.html.erb within layouts/application (5.5ms)
Completed 200 OK in 53ms (Views: 51.5ms | ActiveRecord: 0.2ms)


Started DELETE "/todo_lists/2/todo_items/4" for 127.0.0.1 at 2016-03-05 14:52:29 +0200
Processing by TodoItemsController#destroy as HTML
  Parameters: {"authenticity_token"=>"DFNARMIRFMCYvkIq1464gcbUBf4m9AS2rcRXZxaiJDtjnRV94p8x622k1hoyXvWqkNo6QZdr2/R3spiZ4JnmLg==", "todo_list_id"=>"2", "id"=>"4"}
  [1m[35mTodoList Load (0.2ms)[0m  SELECT  "todo_lists".* FROM "todo_lists" WHERE "todo_lists"."id" = ? LIMIT 1  [["id", 2]]
  [1m[36mTodoItem Load (0.3ms)[0m  [1mSELECT  "todo_items".* FROM "todo_items" WHERE "todo_items"."todo_list_id" = ? AND "todo_items"."id" = ? LIMIT 1[0m  [["todo_list_id", 2], ["id", 4]]
  [1m[35m (0.1ms)[0m  begin transaction
  [1m[36mSQL (0.3ms)[0m  [1mDELETE FROM "todo_items" WHERE "todo_items"."id" = ?[0m  [["id", 4]]
  [1m[35m (160.4ms)[0m  commit transaction
Redirected to http://localhost:3000/todo_lists/2
Completed 302 Found in 167ms (ActiveRecord: 161.3ms)


Started GET "/todo_lists/2" for 127.0.0.1 at 2016-03-05 14:52:29 +0200
Processing by TodoListsController#show as HTML
  Parameters: {"id"=>"2"}
  [1m[36mTodoList Load (0.1ms)[0m  [1mSELECT  "todo_lists".* FROM "todo_lists" WHERE "todo_lists"."id" = ? LIMIT 1[0m  [["id", 2]]
  [1m[35mTodoItem Load (0.1ms)[0m  SELECT "todo_items".* FROM "todo_items" WHERE "todo_items"."todo_list_id" = ?  [["todo_list_id", 2]]
  Rendered todo_items/_todo_item.html.erb (0.9ms)
  Rendered todo_items/_form.html.erb (1.3ms)
  Rendered todo_lists/show.html.erb within layouts/application (6.7ms)
Completed 200 OK in 36ms (Views: 34.6ms | ActiveRecord: 0.2ms)


Started PATCH "/todo_lists/2/todo_items/5/complete" for 127.0.0.1 at 2016-03-05 14:52:32 +0200
Processing by TodoItemsController#complete as HTML
  Parameters: {"authenticity_token"=>"RcXtskEwvpcIJTVBYPUYWe0rjPWkSAuu8tmbsUxhZTcqC7iLYb6bvP0/oXGFJVVyuyWzShXX1Owor1RPulqnIg==", "todo_list_id"=>"2", "id"=>"5"}
  [1m[36mTodoList Load (0.2ms)[0m  [1mSELECT  "todo_lists".* FROM "todo_lists" WHERE "todo_lists"."id" = ? LIMIT 1[0m  [["id", 2]]
  [1m[35mTodoItem Load (0.1ms)[0m  SELECT  "todo_items".* FROM "todo_items" WHERE "todo_items"."todo_list_id" = ? AND "todo_items"."id" = ? LIMIT 1  [["todo_list_id", 2], ["id", 5]]
  [1m[36m (0.1ms)[0m  [1mbegin transaction[0m
  [1m[35mSQL (0.3ms)[0m  UPDATE "todo_items" SET "completed_at" = ?, "updated_at" = ? WHERE "todo_items"."id" = ?  [["completed_at", "2016-03-05 12:52:32.179256"], ["updated_at", "2016-03-05 12:52:32.180219"], ["id", 5]]
  [1m[36m (144.2ms)[0m  [1mcommit transaction[0m
Redirected to http://localhost:3000/todo_lists/2
Completed 302 Found in 153ms (ActiveRecord: 144.9ms)


Started GET "/todo_lists/2" for 127.0.0.1 at 2016-03-05 14:52:32 +0200
Processing by TodoListsController#show as HTML
  Parameters: {"id"=>"2"}
  [1m[35mTodoList Load (0.1ms)[0m  SELECT  "todo_lists".* FROM "todo_lists" WHERE "todo_lists"."id" = ? LIMIT 1  [["id", 2]]
  [1m[36mTodoItem Load (0.1ms)[0m  [1mSELECT "todo_items".* FROM "todo_items" WHERE "todo_items"."todo_list_id" = ?[0m  [["todo_list_id", 2]]
  Rendered todo_items/_todo_item.html.erb (0.8ms)
  Rendered todo_items/_form.html.erb (1.1ms)
  Rendered todo_lists/show.html.erb within layouts/application (4.7ms)
Completed 200 OK in 34ms (Views: 33.0ms | ActiveRecord: 0.2ms)


Started GET "/todo_lists" for 127.0.0.1 at 2016-03-05 14:52:34 +0200
Processing by TodoListsController#index as HTML
  [1m[35mTodoList Load (0.2ms)[0m  SELECT "todo_lists".* FROM "todo_lists"
  Rendered todo_lists/index.html.erb within layouts/application (2.7ms)
Completed 200 OK in 26ms (Views: 25.2ms | ActiveRecord: 0.2ms)


Started DELETE "/todo_lists/2" for 127.0.0.1 at 2016-03-05 14:52:37 +0200
Processing by TodoListsController#destroy as HTML
  Parameters: {"authenticity_token"=>"GgCj43uS0/zhLJ4m1EGoT+ic9TxO493g5bCpbkBwEe91zvbaWxz21xQ2ChYxkeVkvpLKg/98AqI/xmaQtkvT+g==", "id"=>"2"}
  [1m[36mTodoList Load (0.3ms)[0m  [1mSELECT  "todo_lists".* FROM "todo_lists" WHERE "todo_lists"."id" = ? LIMIT 1[0m  [["id", 2]]
  [1m[35m (0.1ms)[0m  begin transaction
  [1m[36mSQL (1.1ms)[0m  [1mDELETE FROM "todo_lists" WHERE "todo_lists"."id" = ?[0m  [["id", 2]]
  [1m[35m (136.5ms)[0m  commit transaction
Redirected to http://localhost:3000/todo_lists
Completed 302 Found in 143ms (ActiveRecord: 138.0ms)


Started GET "/todo_lists" for 127.0.0.1 at 2016-03-05 14:52:37 +0200
Processing by TodoListsController#index as HTML
  [1m[36mTodoList Load (0.2ms)[0m  [1mSELECT "todo_lists".* FROM "todo_lists"[0m
  Rendered todo_lists/index.html.erb within layouts/application (1.8ms)
Completed 200 OK in 39ms (Views: 37.3ms | ActiveRecord: 0.2ms)


Started GET "/" for 127.0.0.1 at 2016-03-05 15:16:30 +0200
  [1m[36mActiveRecord::SchemaMigration Load (0.1ms)[0m  [1mSELECT "schema_migrations".* FROM "schema_migrations"[0m
Processing by TodoListsController#index as HTML
  [1m[35mTodoList Load (0.4ms)[0m  SELECT "todo_lists".* FROM "todo_lists"
  Rendered todo_lists/index.html.erb within layouts/application (10.3ms)
Completed 200 OK in 259ms (Views: 240.8ms | ActiveRecord: 1.1ms)


Started GET "/assets/scaffolds.self-43610455c93dbb4dbc510e648ec07b239d08ece8edb92bf5d155cb1f42d8ffa7.css?body=1" for 127.0.0.1 at 2016-03-05 15:16:31 +0200


Started GET "/assets/jquery.self-c64a74367bda6ef8b860f19e74df08927ca99d2be2ac934e9e92d5fd361e0da4.js?body=1" for 127.0.0.1 at 2016-03-05 15:16:31 +0200


Started GET "/assets/jquery_ujs.self-d602bdfe68ffc63b9f9cc512872aa3cfff046228a0a36e90dd476e8ef54c1b09.js?body=1" for 127.0.0.1 at 2016-03-05 15:16:31 +0200


Started GET "/assets/todo_lists.self-e3b0c44298fc1c149afbf4c8996fb92427ae41e4649b934ca495991b7852b855.css?body=1" for 127.0.0.1 at 2016-03-05 15:16:31 +0200


Started GET "/assets/application.self-e80e8f2318043e8af94dddc2adad5a4f09739a8ebb323b3ab31cd71d45fd9113.css?body=1" for 127.0.0.1 at 2016-03-05 15:16:31 +0200


Started GET "/assets/turbolinks.self-c37727e9bd6b2735da5c311aa83fead54ed0be6cc8bd9a65309e9c5abe2cbfff.js?body=1" for 127.0.0.1 at 2016-03-05 15:16:31 +0200


Started GET "/assets/todo_items.self-877aef30ae1b040ab8a3aba4e3e309a11d7f2612f44dde450b5c157aa5f95c05.js?body=1" for 127.0.0.1 at 2016-03-05 15:16:31 +0200


Started GET "/assets/todo_lists.self-877aef30ae1b040ab8a3aba4e3e309a11d7f2612f44dde450b5c157aa5f95c05.js?body=1" for 127.0.0.1 at 2016-03-05 15:16:31 +0200


Started GET "/assets/application.self-3b8dabdc891efe46b9a144b400ad69e37d7e5876bdc39dee783419a69d7ca819.js?body=1" for 127.0.0.1 at 2016-03-05 15:16:31 +0200


Started GET "/assets/todo_items.self-e3b0c44298fc1c149afbf4c8996fb92427ae41e4649b934ca495991b7852b855.css?body=1" for 127.0.0.1 at 2016-03-05 15:16:31 +0200


Started GET "/todo_lists/new" for 127.0.0.1 at 2016-03-05 15:16:33 +0200
Processing by TodoListsController#new as HTML
  Rendered todo_lists/_form.html.erb (18.8ms)
  Rendered todo_lists/new.html.erb within layouts/application (22.0ms)
Completed 200 OK in 43ms (Views: 42.0ms | ActiveRecord: 0.0ms)


Started POST "/todo_lists" for 127.0.0.1 at 2016-03-05 15:16:41 +0200
Processing by TodoListsController#create as HTML
  Parameters: {"utf8"=>"✓", "authenticity_token"=>"MsHFMIaxSi1Li0s0bhS3KUANqbEKTcO4ygjKgziOnw3Ka7MIvf6XUrqK4dlyA6GG2/2jIDTzXNKSKm6VpZ+a3Q==", "todo_list"=>{"title"=>"kjhjerkjherjhjdhg", "description"=>"rkhoerkherokerho"}, "commit"=>"Create Todo list"}
  [1m[36m (0.1ms)[0m  [1mbegin transaction[0m
  [1m[35mSQL (0.3ms)[0m  INSERT INTO "todo_lists" ("title", "description", "created_at", "updated_at") VALUES (?, ?, ?, ?)  [["title", "kjhjerkjherjhjdhg"], ["description", "rkhoerkherokerho"], ["created_at", "2016-03-05 13:16:41.596420"], ["updated_at", "2016-03-05 13:16:41.596420"]]
  [1m[36m (139.4ms)[0m  [1mcommit transaction[0m
Redirected to http://0.0.0.0:3000/todo_lists/3
Completed 302 Found in 147ms (ActiveRecord: 139.8ms)


Started GET "/todo_lists/3" for 127.0.0.1 at 2016-03-05 15:16:41 +0200
Processing by TodoListsController#show as HTML
  Parameters: {"id"=>"3"}
  [1m[35mTodoList Load (0.3ms)[0m  SELECT  "todo_lists".* FROM "todo_lists" WHERE "todo_lists"."id" = ? LIMIT 1  [["id", 3]]
  [1m[36mTodoItem Load (0.2ms)[0m  [1mSELECT "todo_items".* FROM "todo_items" WHERE "todo_items"."todo_list_id" = ?[0m  [["todo_list_id", 3]]
  Rendered collection (0.0ms)
  Rendered todo_items/_form.html.erb (10.4ms)
  Rendered todo_lists/show.html.erb within layouts/application (29.1ms)
Completed 200 OK in 56ms (Views: 46.8ms | ActiveRecord: 0.8ms)


Started GET "/todo_lists" for 127.0.0.1 at 2016-03-05 15:16:44 +0200
Processing by TodoListsController#index as HTML
  [1m[35mTodoList Load (0.3ms)[0m  SELECT "todo_lists".* FROM "todo_lists"
  Rendered todo_lists/index.html.erb within layouts/application (3.9ms)
Completed 200 OK in 29ms (Views: 28.2ms | ActiveRecord: 0.3ms)


Started DELETE "/todo_lists/3" for 127.0.0.1 at 2016-03-05 15:16:47 +0200
Processing by TodoListsController#destroy as HTML
  Parameters: {"authenticity_token"=>"6B7l67Ama7S1Q5Ll6hYm3QbS9pK1NXszm9s0c1W5HsYQtJPTi2m2y0RCOAj2ATBynSL8A4uL5FnD+ZBlyKgbFg==", "id"=>"3"}
  [1m[36mTodoList Load (0.2ms)[0m  [1mSELECT  "todo_lists".* FROM "todo_lists" WHERE "todo_lists"."id" = ? LIMIT 1[0m  [["id", 3]]
  [1m[35m (0.1ms)[0m  begin transaction
  [1m[36mSQL (0.5ms)[0m  [1mDELETE FROM "todo_lists" WHERE "todo_lists"."id" = ?[0m  [["id", 3]]
  [1m[35m (141.3ms)[0m  commit transaction
Redirected to http://0.0.0.0:3000/todo_lists
Completed 302 Found in 145ms (ActiveRecord: 142.0ms)


Started GET "/todo_lists" for 127.0.0.1 at 2016-03-05 15:16:47 +0200
Processing by TodoListsController#index as HTML
  [1m[36mTodoList Load (0.2ms)[0m  [1mSELECT "todo_lists".* FROM "todo_lists"[0m
  Rendered todo_lists/index.html.erb within layouts/application (1.1ms)
Completed 200 OK in 21ms (Views: 19.7ms | ActiveRecord: 0.2ms)


Started GET "/todo_lists" for 127.0.0.1 at 2016-03-05 15:16:50 +0200
Processing by TodoListsController#index as HTML
  [1m[35mTodoList Load (0.2ms)[0m  SELECT "todo_lists".* FROM "todo_lists"
  Rendered todo_lists/index.html.erb within layouts/application (1.2ms)
Completed 200 OK in 64ms (Views: 62.9ms | ActiveRecord: 0.2ms)


Started GET "/assets/scaffolds.self-43610455c93dbb4dbc510e648ec07b239d08ece8edb92bf5d155cb1f42d8ffa7.css?body=1" for 127.0.0.1 at 2016-03-05 15:16:50 +0200


Started GET "/assets/todo_items.self-e3b0c44298fc1c149afbf4c8996fb92427ae41e4649b934ca495991b7852b855.css?body=1" for 127.0.0.1 at 2016-03-05 15:16:50 +0200


Started GET "/assets/todo_lists.self-e3b0c44298fc1c149afbf4c8996fb92427ae41e4649b934ca495991b7852b855.css?body=1" for 127.0.0.1 at 2016-03-05 15:16:50 +0200


Started GET "/assets/todo_lists.self-877aef30ae1b040ab8a3aba4e3e309a11d7f2612f44dde450b5c157aa5f95c05.js?body=1" for 127.0.0.1 at 2016-03-05 15:16:50 +0200


Started GET "/assets/application.self-3b8dabdc891efe46b9a144b400ad69e37d7e5876bdc39dee783419a69d7ca819.js?body=1" for 127.0.0.1 at 2016-03-05 15:16:50 +0200


Started GET "/assets/todo_items.self-877aef30ae1b040ab8a3aba4e3e309a11d7f2612f44dde450b5c157aa5f95c05.js?body=1" for 127.0.0.1 at 2016-03-05 15:16:50 +0200


Started GET "/assets/jquery.self-c64a74367bda6ef8b860f19e74df08927ca99d2be2ac934e9e92d5fd361e0da4.js?body=1" for 127.0.0.1 at 2016-03-05 15:16:50 +0200


Started GET "/assets/application.self-e80e8f2318043e8af94dddc2adad5a4f09739a8ebb323b3ab31cd71d45fd9113.css?body=1" for 127.0.0.1 at 2016-03-05 15:16:50 +0200


Started GET "/assets/turbolinks.self-c37727e9bd6b2735da5c311aa83fead54ed0be6cc8bd9a65309e9c5abe2cbfff.js?body=1" for 127.0.0.1 at 2016-03-05 15:16:50 +0200


Started GET "/assets/jquery_ujs.self-d602bdfe68ffc63b9f9cc512872aa3cfff046228a0a36e90dd476e8ef54c1b09.js?body=1" for 127.0.0.1 at 2016-03-05 15:16:51 +0200


Started GET "/" for 127.0.0.1 at 2016-03-05 15:55:05 +0200
  [1m[36mActiveRecord::SchemaMigration Load (0.2ms)[0m  [1mSELECT "schema_migrations".* FROM "schema_migrations"[0m
Processing by TodoListsController#index as HTML
  [1m[35mTodoList Load (0.2ms)[0m  SELECT "todo_lists".* FROM "todo_lists"
  Rendered todo_lists/index.html.erb within layouts/application (10.8ms)
Completed 200 OK in 278ms (Views: 260.6ms | ActiveRecord: 0.9ms)


Started GET "/todo_lists/new" for 127.0.0.1 at 2016-03-05 15:55:08 +0200
Processing by TodoListsController#new as HTML
  Rendered todo_lists/_form.html.erb (18.8ms)
  Rendered todo_lists/new.html.erb within layouts/application (24.5ms)
Completed 200 OK in 54ms (Views: 53.3ms | ActiveRecord: 0.0ms)


Started POST "/todo_lists" for 127.0.0.1 at 2016-03-05 15:55:10 +0200
Processing by TodoListsController#create as HTML
  Parameters: {"utf8"=>"✓", "authenticity_token"=>"tC2dqYTx2/CW1ESa+JmcZP1WztNtppc+S4rSAOpvpfBMh+uRv74Gj2fV7nfkjorLZqbEQlMYCFQTqHYWd36gIA==", "todo_list"=>{"title"=>"egewe", "description"=>""}, "commit"=>"Create Todo list"}
  [1m[36m (0.1ms)[0m  [1mbegin transaction[0m
  [1m[35mSQL (0.5ms)[0m  INSERT INTO "todo_lists" ("title", "description", "created_at", "updated_at") VALUES (?, ?, ?, ?)  [["title", "egewe"], ["description", ""], ["created_at", "2016-03-05 13:55:10.879635"], ["updated_at", "2016-03-05 13:55:10.879635"]]
  [1m[36m (213.4ms)[0m  [1mcommit transaction[0m
Redirected to http://0.0.0.0:3000/todo_lists/4
Completed 302 Found in 225ms (ActiveRecord: 214.0ms)


Started GET "/todo_lists/4" for 127.0.0.1 at 2016-03-05 15:55:11 +0200
Processing by TodoListsController#show as HTML
  Parameters: {"id"=>"4"}
  [1m[35mTodoList Load (0.3ms)[0m  SELECT  "todo_lists".* FROM "todo_lists" WHERE "todo_lists"."id" = ? LIMIT 1  [["id", 4]]
  [1m[36mTodoItem Load (0.4ms)[0m  [1mSELECT "todo_items".* FROM "todo_items" WHERE "todo_items"."todo_list_id" = ?[0m  [["todo_list_id", 4]]
  Rendered collection (0.0ms)
  Rendered todo_items/_form.html.erb (18.3ms)
  Rendered todo_lists/show.html.erb within layouts/application (44.6ms)
Completed 200 OK in 105ms (Views: 71.3ms | ActiveRecord: 1.2ms)


Started POST "/todo_lists/4/todo_items" for 127.0.0.1 at 2016-03-05 15:55:14 +0200
Processing by TodoItemsController#create as HTML
  Parameters: {"utf8"=>"✓", "authenticity_token"=>"uk9WqT5eEL/2Xi1GcEd7CXgHn4rFUqckazy5CX2rnrlC5SCRBRHNwAdfh6tsUG2m4/eVG/vsOE4zHh0f4LqbaQ==", "todo_item"=>{"content"=>"fmdfkhmfhmdfmh,"}, "commit"=>"Add Task", "todo_list_id"=>"4"}
  [1m[35mTodoList Load (0.2ms)[0m  SELECT  "todo_lists".* FROM "todo_lists" WHERE "todo_lists"."id" = ? LIMIT 1  [["id", 4]]
  [1m[36m (0.1ms)[0m  [1mbegin transaction[0m
  [1m[35mSQL (0.7ms)[0m  INSERT INTO "todo_items" ("content", "todo_list_id", "created_at", "updated_at") VALUES (?, ?, ?, ?)  [["content", "fmdfkhmfhmdfmh,"], ["todo_list_id", 4], ["created_at", "2016-03-05 13:55:14.788728"], ["updated_at", "2016-03-05 13:55:14.788728"]]
  [1m[36m (248.2ms)[0m  [1mcommit transaction[0m
Redirected to http://0.0.0.0:3000/todo_lists/4
Completed 302 Found in 257ms (ActiveRecord: 249.2ms)


Started GET "/todo_lists/4" for 127.0.0.1 at 2016-03-05 15:55:15 +0200
Processing by TodoListsController#show as HTML
  Parameters: {"id"=>"4"}
  [1m[35mTodoList Load (0.1ms)[0m  SELECT  "todo_lists".* FROM "todo_lists" WHERE "todo_lists"."id" = ? LIMIT 1  [["id", 4]]
  [1m[36mTodoItem Load (0.1ms)[0m  [1mSELECT "todo_items".* FROM "todo_items" WHERE "todo_items"."todo_list_id" = ?[0m  [["todo_list_id", 4]]
  Rendered todo_items/_todo_item.html.erb (2.1ms)
  Rendered todo_items/_form.html.erb (1.7ms)
  Rendered todo_lists/show.html.erb within layouts/application (7.2ms)
Completed 200 OK in 33ms (Views: 32.0ms | ActiveRecord: 0.3ms)


Started POST "/todo_lists/4/todo_items" for 127.0.0.1 at 2016-03-05 15:55:20 +0200
Processing by TodoItemsController#create as HTML
  Parameters: {"utf8"=>"✓", "authenticity_token"=>"a2XQFbMKYokG+UVvadYkiweVEdxCSQb4FrHmcO/qIbyTz6YtiEW/9vf474J1wTIknGUbTXz3mZJOk0JmcvskbA==", "todo_item"=>{"content"=>"Евгеша"}, "commit"=>"Add Task", "todo_list_id"=>"4"}
  [1m[35mTodoList Load (0.1ms)[0m  SELECT  "todo_lists".* FROM "todo_lists" WHERE "todo_lists"."id" = ? LIMIT 1  [["id", 4]]
  [1m[36m (0.1ms)[0m  [1mbegin transaction[0m
  [1m[35mSQL (0.4ms)[0m  INSERT INTO "todo_items" ("content", "todo_list_id", "created_at", "updated_at") VALUES (?, ?, ?, ?)  [["content", "Евгеша"], ["todo_list_id", 4], ["created_at", "2016-03-05 13:55:20.305107"], ["updated_at", "2016-03-05 13:55:20.305107"]]
  [1m[36m (135.5ms)[0m  [1mcommit transaction[0m
Redirected to http://0.0.0.0:3000/todo_lists/4
Completed 302 Found in 145ms (ActiveRecord: 136.1ms)


Started GET "/todo_lists/4" for 127.0.0.1 at 2016-03-05 15:55:20 +0200
Processing by TodoListsController#show as HTML
  Parameters: {"id"=>"4"}
  [1m[35mTodoList Load (0.2ms)[0m  SELECT  "todo_lists".* FROM "todo_lists" WHERE "todo_lists"."id" = ? LIMIT 1  [["id", 4]]
  [1m[36mTodoItem Load (0.1ms)[0m  [1mSELECT "todo_items".* FROM "todo_items" WHERE "todo_items"."todo_list_id" = ?[0m  [["todo_list_id", 4]]
  Rendered todo_items/_todo_item.html.erb (0.7ms)
  Rendered todo_items/_form.html.erb (1.5ms)
  Rendered todo_lists/show.html.erb within layouts/application (5.6ms)
Completed 200 OK in 58ms (Views: 47.1ms | ActiveRecord: 0.3ms)


Started PATCH "/todo_lists/4/todo_items/7/complete" for 127.0.0.1 at 2016-03-05 15:55:25 +0200
Processing by TodoItemsController#complete as HTML
  Parameters: {"authenticity_token"=>"5oDtFIVdp9O+wIVTZoMWshiJYfw0KpALIziQkoyQqIceKpssvhJ6rE/BL756lAAdg3lrbQqUD2F7GjSEEYGtVw==", "todo_list_id"=>"4", "id"=>"7"}
  [1m[35mTodoList Load (0.1ms)[0m  SELECT  "todo_lists".* FROM "todo_lists" WHERE "todo_lists"."id" = ? LIMIT 1  [["id", 4]]
  [1m[36mTodoItem Load (0.2ms)[0m  [1mSELECT  "todo_items".* FROM "todo_items" WHERE "todo_items"."todo_list_id" = ? AND "todo_items"."id" = ? LIMIT 1[0m  [["todo_list_id", 4], ["id", 7]]
  [1m[35m (0.6ms)[0m  begin transaction
  [1m[36mSQL (0.3ms)[0m  [1mUPDATE "todo_items" SET "completed_at" = ?, "updated_at" = ? WHERE "todo_items"."id" = ?[0m  [["completed_at", "2016-03-05 13:55:25.416457"], ["updated_at", "2016-03-05 13:55:25.417826"], ["id", 7]]
  [1m[35m (159.3ms)[0m  commit transaction
Redirected to http://0.0.0.0:3000/todo_lists/4
Completed 302 Found in 168ms (ActiveRecord: 160.5ms)


Started GET "/todo_lists/4" for 127.0.0.1 at 2016-03-05 15:55:25 +0200
Processing by TodoListsController#show as HTML
  Parameters: {"id"=>"4"}
  [1m[36mTodoList Load (0.1ms)[0m  [1mSELECT  "todo_lists".* FROM "todo_lists" WHERE "todo_lists"."id" = ? LIMIT 1[0m  [["id", 4]]
  [1m[35mTodoItem Load (0.1ms)[0m  SELECT "todo_items".* FROM "todo_items" WHERE "todo_items"."todo_list_id" = ?  [["todo_list_id", 4]]
  Rendered todo_items/_todo_item.html.erb (1.8ms)
  Rendered todo_items/_form.html.erb (3.3ms)
  Rendered todo_lists/show.html.erb within layouts/application (9.6ms)
Completed 200 OK in 50ms (Views: 48.3ms | ActiveRecord: 0.3ms)


Started DELETE "/todo_lists/4/todo_items/6" for 127.0.0.1 at 2016-03-05 15:55:31 +0200
Processing by TodoItemsController#destroy as HTML
  Parameters: {"authenticity_token"=>"vN0kaw4n4C1iNAkaKG5vF++x9yPKtBn40qRIY/G/mrBEd1JTNWg9UpM1o/c0eXm4dEH9svQKhpKKhux1bK6fYA==", "todo_list_id"=>"4", "id"=>"6"}
  [1m[36mTodoList Load (0.1ms)[0m  [1mSELECT  "todo_lists".* FROM "todo_lists" WHERE "todo_lists"."id" = ? LIMIT 1[0m  [["id", 4]]
  [1m[35mTodoItem Load (0.1ms)[0m  SELECT  "todo_items".* FROM "todo_items" WHERE "todo_items"."todo_list_id" = ? AND "todo_items"."id" = ? LIMIT 1  [["todo_list_id", 4], ["id", 6]]
  [1m[36m (0.1ms)[0m  [1mbegin transaction[0m
  [1m[35mSQL (0.3ms)[0m  DELETE FROM "todo_items" WHERE "todo_items"."id" = ?  [["id", 6]]
  [1m[36m (102.5ms)[0m  [1mcommit transaction[0m
Redirected to http://0.0.0.0:3000/todo_lists/4
Completed 302 Found in 110ms (ActiveRecord: 103.1ms)


Started GET "/todo_lists/4" for 127.0.0.1 at 2016-03-05 15:55:31 +0200
Processing by TodoListsController#show as HTML
  Parameters: {"id"=>"4"}
  [1m[35mTodoList Load (0.1ms)[0m  SELECT  "todo_lists".* FROM "todo_lists" WHERE "todo_lists"."id" = ? LIMIT 1  [["id", 4]]
  [1m[36mTodoItem Load (0.1ms)[0m  [1mSELECT "todo_items".* FROM "todo_items" WHERE "todo_items"."todo_list_id" = ?[0m  [["todo_list_id", 4]]
  Rendered todo_items/_todo_item.html.erb (0.8ms)
  Rendered todo_items/_form.html.erb (2.7ms)
  Rendered todo_lists/show.html.erb within layouts/application (7.9ms)
Completed 200 OK in 53ms (Views: 51.1ms | ActiveRecord: 0.3ms)


Started GET "/todo_lists" for 127.0.0.1 at 2016-03-05 15:55:34 +0200
Processing by TodoListsController#index as HTML
  [1m[35mTodoList Load (0.3ms)[0m  SELECT "todo_lists".* FROM "todo_lists"
  Rendered todo_lists/index.html.erb within layouts/application (3.7ms)
Completed 200 OK in 34ms (Views: 32.4ms | ActiveRecord: 0.3ms)


Started DELETE "/todo_lists/4" for 127.0.0.1 at 2016-03-05 15:55:37 +0200
Processing by TodoListsController#destroy as HTML
  Parameters: {"authenticity_token"=>"278xWYoJyVxPceDZcl2g2RPFltzc0fTRX8GJkAOSinMjFUdhsUYUI75wSjRuSrZ2iDWcTeJva7sH4y2GnoOPow==", "id"=>"4"}
  [1m[36mTodoList Load (0.1ms)[0m  [1mSELECT  "todo_lists".* FROM "todo_lists" WHERE "todo_lists"."id" = ? LIMIT 1[0m  [["id", 4]]
  [1m[35m (0.1ms)[0m  begin transaction
  [1m[36mSQL (0.2ms)[0m  [1mDELETE FROM "todo_lists" WHERE "todo_lists"."id" = ?[0m  [["id", 4]]
  [1m[35m (127.5ms)[0m  commit transaction
Redirected to http://0.0.0.0:3000/todo_lists
Completed 302 Found in 131ms (ActiveRecord: 128.0ms)


Started GET "/todo_lists" for 127.0.0.1 at 2016-03-05 15:55:37 +0200
Processing by TodoListsController#index as HTML
  [1m[36mTodoList Load (0.2ms)[0m  [1mSELECT "todo_lists".* FROM "todo_lists"[0m
  Rendered todo_lists/index.html.erb within layouts/application (1.1ms)
Completed 200 OK in 26ms (Views: 25.0ms | ActiveRecord: 0.2ms)


Started GET "/todo_lists" for 127.0.0.1 at 2016-03-05 15:55:41 +0200
Processing by TodoListsController#index as HTML
  [1m[35mTodoList Load (0.2ms)[0m  SELECT "todo_lists".* FROM "todo_lists"
  Rendered todo_lists/index.html.erb within layouts/application (1.1ms)
Completed 200 OK in 20ms (Views: 19.3ms | ActiveRecord: 0.2ms)


Started GET "/assets/scaffolds.self-43610455c93dbb4dbc510e648ec07b239d08ece8edb92bf5d155cb1f42d8ffa7.css?body=1" for 127.0.0.1 at 2016-03-05 15:55:41 +0200


Started GET "/assets/todo_items.self-877aef30ae1b040ab8a3aba4e3e309a11d7f2612f44dde450b5c157aa5f95c05.js?body=1" for 127.0.0.1 at 2016-03-05 15:55:41 +0200


Started GET "/assets/todo_lists.self-e3b0c44298fc1c149afbf4c8996fb92427ae41e4649b934ca495991b7852b855.css?body=1" for 127.0.0.1 at 2016-03-05 15:55:41 +0200


Started GET "/assets/application.self-e80e8f2318043e8af94dddc2adad5a4f09739a8ebb323b3ab31cd71d45fd9113.css?body=1" for 127.0.0.1 at 2016-03-05 15:55:41 +0200


Started GET "/assets/jquery_ujs.self-d602bdfe68ffc63b9f9cc512872aa3cfff046228a0a36e90dd476e8ef54c1b09.js?body=1" for 127.0.0.1 at 2016-03-05 15:55:41 +0200


Started GET "/assets/todo_items.self-e3b0c44298fc1c149afbf4c8996fb92427ae41e4649b934ca495991b7852b855.css?body=1" for 127.0.0.1 at 2016-03-05 15:55:41 +0200


Started GET "/assets/turbolinks.self-c37727e9bd6b2735da5c311aa83fead54ed0be6cc8bd9a65309e9c5abe2cbfff.js?body=1" for 127.0.0.1 at 2016-03-05 15:55:41 +0200


Started GET "/assets/jquery.self-c64a74367bda6ef8b860f19e74df08927ca99d2be2ac934e9e92d5fd361e0da4.js?body=1" for 127.0.0.1 at 2016-03-05 15:55:41 +0200


Started GET "/assets/todo_lists.self-877aef30ae1b040ab8a3aba4e3e309a11d7f2612f44dde450b5c157aa5f95c05.js?body=1" for 127.0.0.1 at 2016-03-05 15:55:41 +0200


Started GET "/assets/application.self-3b8dabdc891efe46b9a144b400ad69e37d7e5876bdc39dee783419a69d7ca819.js?body=1" for 127.0.0.1 at 2016-03-05 15:55:41 +0200


Started GET "/" for 127.0.0.1 at 2016-03-05 15:56:30 +0200
  [1m[36mActiveRecord::SchemaMigration Load (0.2ms)[0m  [1mSELECT "schema_migrations".* FROM "schema_migrations"[0m
Processing by TodoListsController#index as HTML
  [1m[35mTodoList Load (0.2ms)[0m  SELECT "todo_lists".* FROM "todo_lists"
  Rendered todo_lists/index.html.erb within layouts/application (14.4ms)
Completed 200 OK in 308ms (Views: 283.0ms | ActiveRecord: 0.7ms)
  [1m[36mActiveRecord::SchemaMigration Load (0.1ms)[0m  [1mSELECT "schema_migrations".* FROM "schema_migrations"[0m


Started GET "/" for 127.0.0.1 at 2016-03-05 16:22:30 +0200
Processing by TodoListsController#index as HTML
  [1m[36mTodoList Load (0.3ms)[0m  [1mSELECT "todo_lists".* FROM "todo_lists"[0m
  Rendered todo_lists/index.html.erb within layouts/application (2.4ms)
Completed 200 OK in 30ms (Views: 28.5ms | ActiveRecord: 0.3ms)


Started GET "/assets/scaffolds.self-43610455c93dbb4dbc510e648ec07b239d08ece8edb92bf5d155cb1f42d8ffa7.css?body=1" for 127.0.0.1 at 2016-03-05 16:22:30 +0200


Started GET "/assets/todo_items.self-e3b0c44298fc1c149afbf4c8996fb92427ae41e4649b934ca495991b7852b855.css?body=1" for 127.0.0.1 at 2016-03-05 16:22:30 +0200


Started GET "/assets/jquery.self-c64a74367bda6ef8b860f19e74df08927ca99d2be2ac934e9e92d5fd361e0da4.js?body=1" for 127.0.0.1 at 2016-03-05 16:22:30 +0200


Started GET "/assets/jquery_ujs.self-d602bdfe68ffc63b9f9cc512872aa3cfff046228a0a36e90dd476e8ef54c1b09.js?body=1" for 127.0.0.1 at 2016-03-05 16:22:30 +0200


Started GET "/assets/todo_lists.self-e3b0c44298fc1c149afbf4c8996fb92427ae41e4649b934ca495991b7852b855.css?body=1" for 127.0.0.1 at 2016-03-05 16:22:30 +0200


Started GET "/assets/application.self-e80e8f2318043e8af94dddc2adad5a4f09739a8ebb323b3ab31cd71d45fd9113.css?body=1" for 127.0.0.1 at 2016-03-05 16:22:30 +0200


Started GET "/assets/turbolinks.self-c37727e9bd6b2735da5c311aa83fead54ed0be6cc8bd9a65309e9c5abe2cbfff.js?body=1" for 127.0.0.1 at 2016-03-05 16:22:30 +0200


Started GET "/assets/todo_items.self-877aef30ae1b040ab8a3aba4e3e309a11d7f2612f44dde450b5c157aa5f95c05.js?body=1" for 127.0.0.1 at 2016-03-05 16:22:30 +0200


Started GET "/assets/todo_lists.self-877aef30ae1b040ab8a3aba4e3e309a11d7f2612f44dde450b5c157aa5f95c05.js?body=1" for 127.0.0.1 at 2016-03-05 16:22:30 +0200


Started GET "/assets/application.self-3b8dabdc891efe46b9a144b400ad69e37d7e5876bdc39dee783419a69d7ca819.js?body=1" for 127.0.0.1 at 2016-03-05 16:22:30 +0200


Started GET "/todo_lists/1" for 127.0.0.1 at 2016-03-05 16:22:35 +0200
Processing by TodoListsController#show as HTML
  Parameters: {"id"=>"1"}
  [1m[35mTodoList Load (0.2ms)[0m  SELECT  "todo_lists".* FROM "todo_lists" WHERE "todo_lists"."id" = ? LIMIT 1  [["id", 1]]
  Rendered todo_items/_form.html.erb (38.1ms)
  [1m[36mTodoItem Load (0.4ms)[0m  [1mSELECT "todo_items".* FROM "todo_items" WHERE "todo_items"."todo_list_id" = ?[0m  [["todo_list_id", 1]]
  Rendered todo_items/_todo_item.html.erb (27.9ms)
  Rendered todo_lists/show.html.erb within layouts/application (73.5ms)
Completed 500 Internal Server Error in 84ms (ActiveRecord: 0.9ms)

ActionView::Template::Error (No route matches {:action=>"complete", :controller=>"todo_items", :id=>nil, :todo_list_id=>"1"} missing required keys: [:id]):
    11: 		</div>
    12: 	<% else %>
    13: 		<div class="complete">
    14: 			<%= link_to 'mark as complete', complete_todo_list_todo_item_path(@todo_list, todo_item.id), method: :patch %>
    15: 		</div>
    16: 		<div class="todo_item">
    17: 			<p><%= todo_item.content %></p>
  app/views/todo_items/_todo_item.html.erb:14:in `_app_views_todo_items__todo_item_html_erb__1663267333622110862_21103320'
  app/views/todo_lists/show.html.erb:16:in `_app_views_todo_lists_show_html_erb__731251278358534583_70229470178520'


  Rendered /home/dima/.rvm/gems/ruby-2.2.1/gems/actionpack-4.2.5.2/lib/action_dispatch/middleware/templates/rescues/_source.erb (11.6ms)
  Rendered /home/dima/.rvm/gems/ruby-2.2.1/gems/actionpack-4.2.5.2/lib/action_dispatch/middleware/templates/rescues/_trace.html.erb (4.6ms)
  Rendered /home/dima/.rvm/gems/ruby-2.2.1/gems/actionpack-4.2.5.2/lib/action_dispatch/middleware/templates/rescues/_request_and_response.html.erb (1.6ms)
  Rendered /home/dima/.rvm/gems/ruby-2.2.1/gems/actionpack-4.2.5.2/lib/action_dispatch/middleware/templates/rescues/template_error.html.erb within rescues/layout (33.5ms)
  Rendered /home/dima/.rvm/gems/ruby-2.2.1/gems/web-console-2.3.0/lib/web_console/templates/_markup.html.erb (0.4ms)
  Rendered /home/dima/.rvm/gems/ruby-2.2.1/gems/web-console-2.3.0/lib/web_console/templates/_inner_console_markup.html.erb within layouts/inlined_string (0.4ms)
  Rendered /home/dima/.rvm/gems/ruby-2.2.1/gems/web-console-2.3.0/lib/web_console/templates/_prompt_box_markup.html.erb within layouts/inlined_string (0.3ms)
  Rendered /home/dima/.rvm/gems/ruby-2.2.1/gems/web-console-2.3.0/lib/web_console/templates/style.css.erb within layouts/inlined_string (0.3ms)
  Rendered /home/dima/.rvm/gems/ruby-2.2.1/gems/web-console-2.3.0/lib/web_console/templates/console.js.erb within layouts/javascript (22.2ms)
  Rendered /home/dima/.rvm/gems/ruby-2.2.1/gems/web-console-2.3.0/lib/web_console/templates/main.js.erb within layouts/javascript (0.3ms)
  Rendered /home/dima/.rvm/gems/ruby-2.2.1/gems/web-console-2.3.0/lib/web_console/templates/error_page.js.erb within layouts/javascript (0.5ms)
  Rendered /home/dima/.rvm/gems/ruby-2.2.1/gems/web-console-2.3.0/lib/web_console/templates/index.html.erb (41.5ms)


Started GET "/todo_lists/1" for 127.0.0.1 at 2016-03-05 16:22:35 +0200
Processing by TodoListsController#show as HTML
  Parameters: {"id"=>"1"}
  [1m[35mTodoList Load (0.1ms)[0m  SELECT  "todo_lists".* FROM "todo_lists" WHERE "todo_lists"."id" = ? LIMIT 1  [["id", 1]]
  Rendered todo_items/_form.html.erb (1.9ms)
  [1m[36mTodoItem Load (0.4ms)[0m  [1mSELECT "todo_items".* FROM "todo_items" WHERE "todo_items"."todo_list_id" = ?[0m  [["todo_list_id", 1]]
  Rendered todo_items/_todo_item.html.erb (3.3ms)
  Rendered todo_lists/show.html.erb within layouts/application (9.0ms)
Completed 500 Internal Server Error in 12ms (ActiveRecord: 0.6ms)

ActionView::Template::Error (No route matches {:action=>"complete", :controller=>"todo_items", :id=>nil, :todo_list_id=>"1"} missing required keys: [:id]):
    11: 		</div>
    12: 	<% else %>
    13: 		<div class="complete">
    14: 			<%= link_to 'mark as complete', complete_todo_list_todo_item_path(@todo_list, todo_item.id), method: :patch %>
    15: 		</div>
    16: 		<div class="todo_item">
    17: 			<p><%= todo_item.content %></p>
  app/views/todo_items/_todo_item.html.erb:14:in `_app_views_todo_items__todo_item_html_erb__1663267333622110862_70229399666820'
  app/views/todo_lists/show.html.erb:16:in `_app_views_todo_lists_show_html_erb__731251278358534583_70229476824400'


  Rendered /home/dima/.rvm/gems/ruby-2.2.1/gems/actionpack-4.2.5.2/lib/action_dispatch/middleware/templates/rescues/_source.erb (9.7ms)
  Rendered /home/dima/.rvm/gems/ruby-2.2.1/gems/actionpack-4.2.5.2/lib/action_dispatch/middleware/templates/rescues/_trace.html.erb (3.4ms)
  Rendered /home/dima/.rvm/gems/ruby-2.2.1/gems/actionpack-4.2.5.2/lib/action_dispatch/middleware/templates/rescues/_request_and_response.html.erb (1.1ms)
  Rendered /home/dima/.rvm/gems/ruby-2.2.1/gems/actionpack-4.2.5.2/lib/action_dispatch/middleware/templates/rescues/template_error.html.erb within rescues/layout (29.9ms)
  Rendered /home/dima/.rvm/gems/ruby-2.2.1/gems/web-console-2.3.0/lib/web_console/templates/_markup.html.erb (0.4ms)
  Rendered /home/dima/.rvm/gems/ruby-2.2.1/gems/web-console-2.3.0/lib/web_console/templates/_inner_console_markup.html.erb within layouts/inlined_string (0.4ms)
  Rendered /home/dima/.rvm/gems/ruby-2.2.1/gems/web-console-2.3.0/lib/web_console/templates/_prompt_box_markup.html.erb within layouts/inlined_string (0.3ms)
  Rendered /home/dima/.rvm/gems/ruby-2.2.1/gems/web-console-2.3.0/lib/web_console/templates/style.css.erb within layouts/inlined_string (0.4ms)
  Rendered /home/dima/.rvm/gems/ruby-2.2.1/gems/web-console-2.3.0/lib/web_console/templates/console.js.erb within layouts/javascript (18.0ms)
  Rendered /home/dima/.rvm/gems/ruby-2.2.1/gems/web-console-2.3.0/lib/web_console/templates/main.js.erb within layouts/javascript (0.4ms)
  Rendered /home/dima/.rvm/gems/ruby-2.2.1/gems/web-console-2.3.0/lib/web_console/templates/error_page.js.erb within layouts/javascript (0.7ms)
  Rendered /home/dima/.rvm/gems/ruby-2.2.1/gems/web-console-2.3.0/lib/web_console/templates/index.html.erb (36.6ms)


Started GET "/" for 127.0.0.1 at 2016-03-05 16:23:03 +0200
Processing by TodoListsController#index as HTML
  [1m[35mTodoList Load (0.2ms)[0m  SELECT "todo_lists".* FROM "todo_lists"
  Rendered todo_lists/index.html.erb within layouts/application (1.9ms)
Completed 200 OK in 31ms (Views: 30.0ms | ActiveRecord: 0.2ms)


Started GET "/" for 127.0.0.1 at 2016-03-05 16:23:27 +0200
Processing by TodoListsController#index as HTML
  [1m[36mTodoList Load (0.2ms)[0m  [1mSELECT "todo_lists".* FROM "todo_lists"[0m
  Rendered todo_lists/index.html.erb within layouts/application (1.9ms)
Completed 200 OK in 24ms (Views: 22.4ms | ActiveRecord: 0.2ms)


Started GET "/assets/scaffolds.self-43610455c93dbb4dbc510e648ec07b239d08ece8edb92bf5d155cb1f42d8ffa7.css?body=1" for 127.0.0.1 at 2016-03-05 16:23:27 +0200


Started GET "/assets/application.self-e80e8f2318043e8af94dddc2adad5a4f09739a8ebb323b3ab31cd71d45fd9113.css?body=1" for 127.0.0.1 at 2016-03-05 16:23:27 +0200


Started GET "/assets/todo_lists.self-e3b0c44298fc1c149afbf4c8996fb92427ae41e4649b934ca495991b7852b855.css?body=1" for 127.0.0.1 at 2016-03-05 16:23:27 +0200


Started GET "/assets/todo_items.self-e3b0c44298fc1c149afbf4c8996fb92427ae41e4649b934ca495991b7852b855.css?body=1" for 127.0.0.1 at 2016-03-05 16:23:27 +0200


Started GET "/assets/jquery.self-c64a74367bda6ef8b860f19e74df08927ca99d2be2ac934e9e92d5fd361e0da4.js?body=1" for 127.0.0.1 at 2016-03-05 16:23:27 +0200


Started GET "/assets/jquery_ujs.self-d602bdfe68ffc63b9f9cc512872aa3cfff046228a0a36e90dd476e8ef54c1b09.js?body=1" for 127.0.0.1 at 2016-03-05 16:23:27 +0200


Started GET "/assets/todo_lists.self-877aef30ae1b040ab8a3aba4e3e309a11d7f2612f44dde450b5c157aa5f95c05.js?body=1" for 127.0.0.1 at 2016-03-05 16:23:27 +0200


Started GET "/assets/application.self-3b8dabdc891efe46b9a144b400ad69e37d7e5876bdc39dee783419a69d7ca819.js?body=1" for 127.0.0.1 at 2016-03-05 16:23:27 +0200


Started GET "/assets/todo_items.self-877aef30ae1b040ab8a3aba4e3e309a11d7f2612f44dde450b5c157aa5f95c05.js?body=1" for 127.0.0.1 at 2016-03-05 16:23:27 +0200


Started GET "/assets/turbolinks.self-c37727e9bd6b2735da5c311aa83fead54ed0be6cc8bd9a65309e9c5abe2cbfff.js?body=1" for 127.0.0.1 at 2016-03-05 16:23:27 +0200


Started GET "/todo_lists/new" for 127.0.0.1 at 2016-03-05 16:23:30 +0200
Processing by TodoListsController#new as HTML
  Rendered todo_lists/_form.html.erb (6.6ms)
  Rendered todo_lists/new.html.erb within layouts/application (8.3ms)
Completed 200 OK in 32ms (Views: 31.4ms | ActiveRecord: 0.0ms)


Started POST "/todo_lists" for 127.0.0.1 at 2016-03-05 16:23:38 +0200
Processing by TodoListsController#create as HTML
  Parameters: {"utf8"=>"✓", "authenticity_token"=>"5bTtjS8zq+46CxYO0bGn+0p1K8UME8xJNBIeRiqjZuMdHpu1FHx2kcsKvOPNprFU0YUhVDKtUyNsMLpQt7JjMw==", "todo_list"=>{"title"=>"dskgkdsl", "description"=>"dskjghdskjghj\r\n"}, "commit"=>"Create Todo list"}
  [1m[35m (0.1ms)[0m  begin transaction
  [1m[36mSQL (0.4ms)[0m  [1mINSERT INTO "todo_lists" ("title", "description", "created_at", "updated_at") VALUES (?, ?, ?, ?)[0m  [["title", "dskgkdsl"], ["description", "dskjghdskjghj\r\n"], ["created_at", "2016-03-05 14:23:38.635424"], ["updated_at", "2016-03-05 14:23:38.635424"]]
  [1m[35m (163.3ms)[0m  commit transaction
Redirected to http://0.0.0.0:3000/todo_lists/5
Completed 302 Found in 170ms (ActiveRecord: 163.8ms)


Started GET "/todo_lists/5" for 127.0.0.1 at 2016-03-05 16:23:38 +0200
Processing by TodoListsController#show as HTML
  Parameters: {"id"=>"5"}
  [1m[36mTodoList Load (0.1ms)[0m  [1mSELECT  "todo_lists".* FROM "todo_lists" WHERE "todo_lists"."id" = ? LIMIT 1[0m  [["id", 5]]
  [1m[35mTodoItem Load (0.1ms)[0m  SELECT "todo_items".* FROM "todo_items" WHERE "todo_items"."todo_list_id" = ?  [["todo_list_id", 5]]
  Rendered collection (0.0ms)
  Rendered todo_items/_form.html.erb (2.0ms)
  Rendered todo_lists/show.html.erb within layouts/application (5.9ms)
Completed 200 OK in 38ms (Views: 36.1ms | ActiveRecord: 0.2ms)


Started POST "/todo_lists/5/todo_items" for 127.0.0.1 at 2016-03-05 16:23:42 +0200
Processing by TodoItemsController#create as HTML
  Parameters: {"utf8"=>"✓", "authenticity_token"=>"6PYl7KpOFIcho3c6T1BHiWdJoN1/EEhrpDlWDSbFRjkQXFPUkQHJ+NCi3ddTR1Em/LmqTEGu1wH8G/Ibu9RD6Q==", "todo_item"=>{"content"=>"dfklgjdfklkhjdfkl"}, "commit"=>"Add Task", "todo_list_id"=>"5"}
  [1m[36mTodoList Load (0.2ms)[0m  [1mSELECT  "todo_lists".* FROM "todo_lists" WHERE "todo_lists"."id" = ? LIMIT 1[0m  [["id", 5]]
  [1m[35m (0.1ms)[0m  begin transaction
  [1m[36mSQL (0.4ms)[0m  [1mINSERT INTO "todo_items" ("content", "todo_list_id", "created_at", "updated_at") VALUES (?, ?, ?, ?)[0m  [["content", "dfklgjdfklkhjdfkl"], ["todo_list_id", 5], ["created_at", "2016-03-05 14:23:42.642617"], ["updated_at", "2016-03-05 14:23:42.642617"]]
  [1m[35m (217.9ms)[0m  commit transaction
Redirected to http://0.0.0.0:3000/todo_lists/5
Completed 302 Found in 232ms (ActiveRecord: 218.5ms)


Started GET "/todo_lists/5" for 127.0.0.1 at 2016-03-05 16:23:42 +0200
Processing by TodoListsController#show as HTML
  Parameters: {"id"=>"5"}
  [1m[36mTodoList Load (0.1ms)[0m  [1mSELECT  "todo_lists".* FROM "todo_lists" WHERE "todo_lists"."id" = ? LIMIT 1[0m  [["id", 5]]
  [1m[35mTodoItem Load (0.1ms)[0m  SELECT "todo_items".* FROM "todo_items" WHERE "todo_items"."todo_list_id" = ?  [["todo_list_id", 5]]
  Rendered todo_items/_todo_item.html.erb (0.5ms)
  Rendered todo_items/_form.html.erb (1.0ms)
  Rendered todo_lists/show.html.erb within layouts/application (5.1ms)
Completed 200 OK in 24ms (Views: 23.0ms | ActiveRecord: 0.2ms)


Started POST "/todo_lists/5/todo_items" for 127.0.0.1 at 2016-03-05 16:23:45 +0200
Processing by TodoItemsController#create as HTML
  Parameters: {"utf8"=>"✓", "authenticity_token"=>"mrA0UVLRoVACVgtm5Bu1jVPc4rDxPprwsehlk017YD9iGkJpaZ58L/NXoYv4DKMiyCzoIc+ABZrpysGF0Gpl7w==", "todo_item"=>{"content"=>"kdsgjdklgjdsl"}, "commit"=>"Add Task", "todo_list_id"=>"5"}
  [1m[36mTodoList Load (0.2ms)[0m  [1mSELECT  "todo_lists".* FROM "todo_lists" WHERE "todo_lists"."id" = ? LIMIT 1[0m  [["id", 5]]
  [1m[35m (0.1ms)[0m  begin transaction
  [1m[36mSQL (0.2ms)[0m  [1mINSERT INTO "todo_items" ("content", "todo_list_id", "created_at", "updated_at") VALUES (?, ?, ?, ?)[0m  [["content", "kdsgjdklgjdsl"], ["todo_list_id", 5], ["created_at", "2016-03-05 14:23:45.983095"], ["updated_at", "2016-03-05 14:23:45.983095"]]
  [1m[35m (225.8ms)[0m  commit transaction
Redirected to http://0.0.0.0:3000/todo_lists/5
Completed 302 Found in 233ms (ActiveRecord: 226.4ms)


Started GET "/todo_lists/5" for 127.0.0.1 at 2016-03-05 16:23:46 +0200
Processing by TodoListsController#show as HTML
  Parameters: {"id"=>"5"}
  [1m[36mTodoList Load (0.1ms)[0m  [1mSELECT  "todo_lists".* FROM "todo_lists" WHERE "todo_lists"."id" = ? LIMIT 1[0m  [["id", 5]]
  [1m[35mTodoItem Load (0.1ms)[0m  SELECT "todo_items".* FROM "todo_items" WHERE "todo_items"."todo_list_id" = ?  [["todo_list_id", 5]]
  Rendered todo_items/_todo_item.html.erb (1.4ms)
  Rendered todo_items/_form.html.erb (1.3ms)
  Rendered todo_lists/show.html.erb within layouts/application (6.4ms)
Completed 200 OK in 30ms (Views: 28.2ms | ActiveRecord: 0.3ms)


Started PATCH "/todo_lists/5/todo_items/8/complete" for 127.0.0.1 at 2016-03-05 16:23:50 +0200
Processing by TodoItemsController#complete as HTML
  Parameters: {"authenticity_token"=>"eKPARi6u9C31psgt4TcD52jznMporS88Tkh0CMQUMvSACbZ+FeEpUgSnYsD9IBVI8wOWW1YTsFYWatAeWQU3JA==", "todo_list_id"=>"5", "id"=>"8"}
  [1m[36mTodoList Load (0.2ms)[0m  [1mSELECT  "todo_lists".* FROM "todo_lists" WHERE "todo_lists"."id" = ? LIMIT 1[0m  [["id", 5]]
  [1m[35mTodoItem Load (0.3ms)[0m  SELECT  "todo_items".* FROM "todo_items" WHERE "todo_items"."todo_list_id" = ? AND "todo_items"."id" = ? LIMIT 1  [["todo_list_id", 5], ["id", 8]]
  [1m[36m (0.1ms)[0m  [1mbegin transaction[0m
  [1m[35mSQL (0.3ms)[0m  UPDATE "todo_items" SET "completed_at" = ?, "updated_at" = ? WHERE "todo_items"."id" = ?  [["completed_at", "2016-03-05 14:23:50.138776"], ["updated_at", "2016-03-05 14:23:50.139563"], ["id", 8]]
  [1m[36m (161.6ms)[0m  [1mcommit transaction[0m
Redirected to http://0.0.0.0:3000/todo_lists/5
Completed 302 Found in 170ms (ActiveRecord: 162.5ms)


Started GET "/todo_lists/5" for 127.0.0.1 at 2016-03-05 16:23:50 +0200
Processing by TodoListsController#show as HTML
  Parameters: {"id"=>"5"}
  [1m[35mTodoList Load (0.1ms)[0m  SELECT  "todo_lists".* FROM "todo_lists" WHERE "todo_lists"."id" = ? LIMIT 1  [["id", 5]]
  [1m[36mTodoItem Load (0.1ms)[0m  [1mSELECT "todo_items".* FROM "todo_items" WHERE "todo_items"."todo_list_id" = ?[0m  [["todo_list_id", 5]]
  Rendered todo_items/_todo_item.html.erb (0.9ms)
  Rendered todo_items/_form.html.erb (1.0ms)
  Rendered todo_lists/show.html.erb within layouts/application (4.5ms)
Completed 200 OK in 25ms (Views: 23.4ms | ActiveRecord: 0.2ms)


Started DELETE "/todo_lists/5/todo_items/9" for 127.0.0.1 at 2016-03-05 16:23:54 +0200
Processing by TodoItemsController#destroy as HTML
  Parameters: {"authenticity_token"=>"AN5CPhq2w+bEnRxelAjjsUsE625+hHhH5SDV1QkuhGH4dDQGIfkemTWctrOIH/Ue0PTh/0A65y29AnHDlD+BsQ==", "todo_list_id"=>"5", "id"=>"9"}
  [1m[35mTodoList Load (0.1ms)[0m  SELECT  "todo_lists".* FROM "todo_lists" WHERE "todo_lists"."id" = ? LIMIT 1  [["id", 5]]
  [1m[36mTodoItem Load (0.1ms)[0m  [1mSELECT  "todo_items".* FROM "todo_items" WHERE "todo_items"."todo_list_id" = ? AND "todo_items"."id" = ? LIMIT 1[0m  [["todo_list_id", 5], ["id", 9]]
  [1m[35m (0.1ms)[0m  begin transaction
  [1m[36mSQL (0.2ms)[0m  [1mDELETE FROM "todo_items" WHERE "todo_items"."id" = ?[0m  [["id", 9]]
  [1m[35m (132.9ms)[0m  commit transaction
Redirected to http://0.0.0.0:3000/todo_lists/5
Completed 302 Found in 139ms (ActiveRecord: 133.5ms)


Started GET "/todo_lists/5" for 127.0.0.1 at 2016-03-05 16:23:54 +0200
Processing by TodoListsController#show as HTML
  Parameters: {"id"=>"5"}
  [1m[36mTodoList Load (0.2ms)[0m  [1mSELECT  "todo_lists".* FROM "todo_lists" WHERE "todo_lists"."id" = ? LIMIT 1[0m  [["id", 5]]
  [1m[35mTodoItem Load (0.1ms)[0m  SELECT "todo_items".* FROM "todo_items" WHERE "todo_items"."todo_list_id" = ?  [["todo_list_id", 5]]
  Rendered todo_items/_todo_item.html.erb (0.9ms)
  Rendered todo_items/_form.html.erb (1.2ms)
  Rendered todo_lists/show.html.erb within layouts/application (5.5ms)
Completed 200 OK in 30ms (Views: 28.6ms | ActiveRecord: 0.3ms)


Started GET "/todo_lists" for 127.0.0.1 at 2016-03-05 16:23:56 +0200
Processing by TodoListsController#index as HTML
  [1m[36mTodoList Load (0.2ms)[0m  [1mSELECT "todo_lists".* FROM "todo_lists"[0m
  Rendered todo_lists/index.html.erb within layouts/application (2.3ms)
Completed 200 OK in 27ms (Views: 26.1ms | ActiveRecord: 0.2ms)


Started DELETE "/todo_lists/5" for 127.0.0.1 at 2016-03-05 16:23:58 +0200
Processing by TodoListsController#destroy as HTML
  Parameters: {"authenticity_token"=>"o/IfmyI84AtbvnRGP/gtjEaUBq9S1QYpXyyYTugoqj5bWGmjGXM9dKq/3qsj7zsj3WQMPmxrmUMHDjxYdTmv7g==", "id"=>"5"}
  [1m[35mTodoList Load (0.2ms)[0m  SELECT  "todo_lists".* FROM "todo_lists" WHERE "todo_lists"."id" = ? LIMIT 1  [["id", 5]]
  [1m[36m (0.1ms)[0m  [1mbegin transaction[0m
  [1m[35mSQL (0.3ms)[0m  DELETE FROM "todo_lists" WHERE "todo_lists"."id" = ?  [["id", 5]]
  [1m[36m (99.5ms)[0m  [1mcommit transaction[0m
Redirected to http://0.0.0.0:3000/todo_lists
Completed 302 Found in 105ms (ActiveRecord: 100.1ms)


Started GET "/todo_lists" for 127.0.0.1 at 2016-03-05 16:23:58 +0200
Processing by TodoListsController#index as HTML
  [1m[35mTodoList Load (0.2ms)[0m  SELECT "todo_lists".* FROM "todo_lists"
  Rendered todo_lists/index.html.erb within layouts/application (1.2ms)
Completed 200 OK in 25ms (Views: 24.5ms | ActiveRecord: 0.2ms)


Started GET "/todo_lists/1" for 127.0.0.1 at 2016-03-05 16:24:10 +0200
Processing by TodoListsController#show as HTML
  Parameters: {"id"=>"1"}
  [1m[36mTodoList Load (0.1ms)[0m  [1mSELECT  "todo_lists".* FROM "todo_lists" WHERE "todo_lists"."id" = ? LIMIT 1[0m  [["id", 1]]
  [1m[35mTodoItem Load (0.1ms)[0m  SELECT "todo_items".* FROM "todo_items" WHERE "todo_items"."todo_list_id" = ?  [["todo_list_id", 1]]
  Rendered todo_items/_todo_item.html.erb (1.1ms)
  Rendered todo_items/_form.html.erb (1.1ms)
  Rendered todo_lists/show.html.erb within layouts/application (5.8ms)
Completed 200 OK in 26ms (Views: 24.8ms | ActiveRecord: 0.2ms)
